Copyright 1986-2017 Xilinx, Inc. All Rights Reserved.
------------------------------------------------------------------------------------
| Tool Version : Vivado v.2017.4 (lin64) Build 2086221 Fri Dec 15 20:54:30 MST 2017
| Date         : Fri Dec 20 19:03:28 2019
| Host         : simon-ThinkPad-X250 running 64-bit Ubuntu 18.04.3 LTS
| Command      : upgrade_ip
| Device       : xc7z020clg400-1
------------------------------------------------------------------------------------

Upgrade Log for IP 'fir_memo_top_0'

1. Summary
----------

SUCCESS in the conversion of fir_memo_top_0 (user.org:user:fir_memo_top:1.0 (Rev. 1)) to Vivado generation flows.






Copyright 1986-2017 Xilinx, Inc. All Rights Reserved.
------------------------------------------------------------------------------------
| Tool Version : Vivado v.2017.4 (lin64) Build 2086221 Fri Dec 15 20:54:30 MST 2017
| Date         : Fri Dec 20 19:03:28 2019
| Host         : simon-ThinkPad-X250 running 64-bit Ubuntu 18.04.3 LTS
| Command      : upgrade_ip
| Device       : xc7z020clg400-1
------------------------------------------------------------------------------------

Upgrade Log for IP 'design_1_fir_memo_top_0_0'

1. Summary
----------

SUCCESS in the conversion of design_1_fir_memo_top_0_0 (user.org:user:fir_memo_top:1.0 (Rev. 1)) to Vivado generation flows.

